                                     | Core 0    
  Instructions                       |    1804843
  Cycles                             |    1378146
  IPC                                |       1.31
  Time (ns)                          |     518100
  Idle time (ns)                     |         -8
  Idle time (%)                      |      -0.0%
Branch predictor stats               |           
  num correct                        |      96906
  num incorrect                      |       2400
  misprediction rate                 |      2.42%
  mpki                               |       1.33
TLB Summary                          |           
  I-TLB                              |           
    num accesses                     |     184524
    num misses                       |         82
    miss rate                        |      0.04%
    mpki                             |       0.05
  D-TLB                              |           
    num accesses                     |     878008
    num misses                       |         64
    miss rate                        |      0.01%
    mpki                             |       0.04
  L2 TLB                             |           
    num accesses                     |        146
    num misses                       |        146
    miss rate                        |    100.00%
    mpki                             |       0.08
Cache Summary                        |           
  Cache L1-I                         |           
    num cache accesses               |     184524
    num cache misses                 |       1193
    miss rate                        |      0.65%
    mpki                             |       0.66
  Cache L1-D                         |           
    num cache accesses               |     878008
    num cache misses                 |       3886
    miss rate                        |      0.44%
    mpki                             |       2.15
  Cache L2                           |           
    num cache accesses               |       5211
    num cache misses                 |       3210
    miss rate                        |     61.60%
    mpki                             |       1.78
  Cache L3                           |           
    num cache accesses               |       3500
    num cache misses                 |       3209
    miss rate                        |     91.69%
    mpki                             |       1.78
DRAM summary                         |           
  num dram accesses                  |       3208
  average dram access latency (ns)   |      69.52
  average dram queueing delay        |      16.09
  average dram bandwidth utilization |      5.22%
Coherency Traffic                    |           
  num loads from dram                |       1319
  num loads from dram cache          |          0
  num loads from remote cache        |          0
